[27-Feb-2015 02:08:44 UTC] PHP Fatal error:  Uncaught exception 'Exception' with message 'SQLSTATE[28000] [1045] Access denied for user 'root'@'localhost' (using password: YES)' in /Users/jakeHenderson/localHost/school/fatcloud/api/app/lib/medoo.php:149
Stack trace:
#0 /Users/jakeHenderson/localHost/school/fatcloud/api/index.php(27): medoo->__construct(Array)
#1 {main}
  thrown in /Users/jakeHenderson/localHost/school/fatcloud/api/app/lib/medoo.php on line 149
[27-Feb-2015 02:19:57 UTC] PHP Fatal error:  Uncaught exception 'Exception' with message 'SQLSTATE[28000] [1045] Access denied for user 'root'@'localhost' (using password: YES)' in /Users/jakeHenderson/localHost/school/fatcloud/api/app/lib/medoo.php:149
Stack trace:
#0 /Users/jakeHenderson/localHost/school/fatcloud/api/index.php(27): medoo->__construct(Array)
#1 {main}
  thrown in /Users/jakeHenderson/localHost/school/fatcloud/api/app/lib/medoo.php on line 149
[27-Feb-2015 02:42:27 UTC] PHP Fatal error:  Call to a member function select() on a non-object in /Users/jakeHenderson/localHost/school/fatcloud/api/app/routes/authentication.php on line 156
[27-Feb-2015 03:09:04 UTC] PHP Fatal error:  Call to a member function select() on a non-object in /Users/jakeHenderson/localHost/school/fatcloud/api/app/routes/authentication.php on line 152
[27-Feb-2015 03:10:17 UTC] PHP Fatal error:  Call to a member function select() on a non-object in /Users/jakeHenderson/localHost/school/fatcloud/api/app/routes/authentication.php on line 152
[27-Feb-2015 03:11:50 UTC] PHP Fatal error:  Call to a member function insert() on a non-object in /Users/jakeHenderson/localHost/school/fatcloud/api/app/routes/authentication.php on line 159
[27-Feb-2015 03:12:17 UTC] PHP Fatal error:  Call to a member function insert() on a non-object in /Users/jakeHenderson/localHost/school/fatcloud/api/app/routes/authentication.php on line 159
[27-Feb-2015 03:27:55 UTC] PHP Fatal error:  Call to undefined function var_dunmp() in /Users/jakeHenderson/localHost/school/fatcloud/api/app/routes/authentication.php on line 14
[27-Feb-2015 03:28:04 UTC] PHP Fatal error:  Call to undefined function var_dunmp() in /Users/jakeHenderson/localHost/school/fatcloud/api/app/routes/authentication.php on line 14
[27-Feb-2015 03:38:31 UTC] PHP Fatal error:  Call to undefined function jason_encode() in /Users/jakeHenderson/localHost/school/fatcloud/api/app/routes/authentication.php on line 6
[27-Feb-2015 05:27:18 UTC] PHP Fatal error:  Call to undefined function NewSuccessAppResponse() in /Users/jakeHenderson/localHost/school/fatcloud/api/app/routes/authentication.php on line 187
[05-Mar-2015 06:17:35 UTC] PHP Parse error:  syntax error, unexpected ',' in /Users/jakeHenderson/localHost/school/fatcloud/api/app/routes/authentication.php on line 100
[06-Mar-2015 02:20:52 UTC] PHP Fatal error:  Call to undefined function NewSuccessAppResponse() in /Users/jakeHenderson/localHost/school/fatcloud/api/app/routes/authentication.php on line 198
[06-Mar-2015 03:03:40 UTC] PHP Notice:  Undefined variable: httpStatus in /Users/jakeHenderson/localHost/school/fatcloud/api/app/routes/authentication.php on line 7
[06-Mar-2015 03:03:40 UTC] PHP Notice:  Undefined variable: httpStatus in /Users/jakeHenderson/localHost/school/fatcloud/api/app/routes/authentication.php on line 96
[06-Mar-2015 03:03:40 UTC] PHP Notice:  Undefined variable: httpStatus in /Users/jakeHenderson/localHost/school/fatcloud/api/app/routes/authentication.php on line 205
[06-Mar-2015 03:03:40 UTC] PHP Notice:  Undefined variable: httpStatus in /Users/jakeHenderson/localHost/school/fatcloud/api/app/routes/authentication.php on line 262
[06-Mar-2015 03:04:25 UTC] PHP Notice:  Undefined variable: httpStatus in /Users/jakeHenderson/localHost/school/fatcloud/api/app/routes/authentication.php on line 7
[06-Mar-2015 03:04:25 UTC] PHP Notice:  Undefined variable: httpStatus in /Users/jakeHenderson/localHost/school/fatcloud/api/app/routes/authentication.php on line 96
[06-Mar-2015 03:04:25 UTC] PHP Notice:  Undefined variable: httpStatus in /Users/jakeHenderson/localHost/school/fatcloud/api/app/routes/authentication.php on line 205
[06-Mar-2015 03:04:25 UTC] PHP Notice:  Undefined variable: httpStatus in /Users/jakeHenderson/localHost/school/fatcloud/api/app/routes/authentication.php on line 262
[06-Mar-2015 03:05:50 UTC] PHP Notice:  Undefined variable: httpStatus in /Users/jakeHenderson/localHost/school/fatcloud/api/app/routes/authentication.php on line 7
[06-Mar-2015 03:05:50 UTC] PHP Notice:  Undefined variable: httpStatus in /Users/jakeHenderson/localHost/school/fatcloud/api/app/routes/authentication.php on line 96
[06-Mar-2015 03:05:50 UTC] PHP Notice:  Undefined variable: httpStatus in /Users/jakeHenderson/localHost/school/fatcloud/api/app/routes/authentication.php on line 205
[06-Mar-2015 03:05:50 UTC] PHP Notice:  Undefined variable: httpStatus in /Users/jakeHenderson/localHost/school/fatcloud/api/app/routes/authentication.php on line 262
[06-Mar-2015 03:05:51 UTC] PHP Notice:  Undefined variable: httpStatus in /Users/jakeHenderson/localHost/school/fatcloud/api/app/routes/authentication.php on line 7
[06-Mar-2015 03:05:51 UTC] PHP Notice:  Undefined variable: httpStatus in /Users/jakeHenderson/localHost/school/fatcloud/api/app/routes/authentication.php on line 96
[06-Mar-2015 03:05:51 UTC] PHP Notice:  Undefined variable: httpStatus in /Users/jakeHenderson/localHost/school/fatcloud/api/app/routes/authentication.php on line 205
[06-Mar-2015 03:05:51 UTC] PHP Notice:  Undefined variable: httpStatus in /Users/jakeHenderson/localHost/school/fatcloud/api/app/routes/authentication.php on line 262
[06-Mar-2015 03:08:09 UTC] PHP Notice:  Undefined variable: httpStatus in /Users/jakeHenderson/localHost/school/fatcloud/api/app/routes/authentication.php on line 7
[06-Mar-2015 03:08:09 UTC] PHP Notice:  Undefined variable: httpStatus in /Users/jakeHenderson/localHost/school/fatcloud/api/app/routes/authentication.php on line 96
[06-Mar-2015 03:08:09 UTC] PHP Notice:  Undefined variable: httpStatus in /Users/jakeHenderson/localHost/school/fatcloud/api/app/routes/authentication.php on line 188
[06-Mar-2015 03:08:09 UTC] PHP Notice:  Undefined variable: httpStatus in /Users/jakeHenderson/localHost/school/fatcloud/api/app/routes/authentication.php on line 245
[06-Mar-2015 03:08:10 UTC] PHP Notice:  Undefined variable: httpStatus in /Users/jakeHenderson/localHost/school/fatcloud/api/app/routes/authentication.php on line 7
[06-Mar-2015 03:08:10 UTC] PHP Notice:  Undefined variable: httpStatus in /Users/jakeHenderson/localHost/school/fatcloud/api/app/routes/authentication.php on line 96
[06-Mar-2015 03:08:10 UTC] PHP Notice:  Undefined variable: httpStatus in /Users/jakeHenderson/localHost/school/fatcloud/api/app/routes/authentication.php on line 188
[06-Mar-2015 03:08:10 UTC] PHP Notice:  Undefined variable: httpStatus in /Users/jakeHenderson/localHost/school/fatcloud/api/app/routes/authentication.php on line 245
[06-Mar-2015 03:08:20 UTC] PHP Notice:  Undefined variable: httpStatus in /Users/jakeHenderson/localHost/school/fatcloud/api/app/routes/authentication.php on line 7
[06-Mar-2015 03:08:20 UTC] PHP Notice:  Undefined variable: httpStatus in /Users/jakeHenderson/localHost/school/fatcloud/api/app/routes/authentication.php on line 96
[06-Mar-2015 03:08:20 UTC] PHP Notice:  Undefined variable: httpStatus in /Users/jakeHenderson/localHost/school/fatcloud/api/app/routes/authentication.php on line 183
[06-Mar-2015 03:08:20 UTC] PHP Notice:  Undefined variable: httpStatus in /Users/jakeHenderson/localHost/school/fatcloud/api/app/routes/authentication.php on line 240
[06-Mar-2015 03:08:32 UTC] PHP Notice:  Undefined variable: httpStatus in /Users/jakeHenderson/localHost/school/fatcloud/api/app/routes/authentication.php on line 7
[06-Mar-2015 03:08:32 UTC] PHP Notice:  Undefined variable: httpStatus in /Users/jakeHenderson/localHost/school/fatcloud/api/app/routes/authentication.php on line 96
[06-Mar-2015 03:08:32 UTC] PHP Notice:  Undefined variable: httpStatus in /Users/jakeHenderson/localHost/school/fatcloud/api/app/routes/authentication.php on line 179
[06-Mar-2015 03:08:32 UTC] PHP Notice:  Undefined variable: httpStatus in /Users/jakeHenderson/localHost/school/fatcloud/api/app/routes/authentication.php on line 236
[06-Mar-2015 03:08:34 UTC] PHP Notice:  Undefined variable: httpStatus in /Users/jakeHenderson/localHost/school/fatcloud/api/app/routes/authentication.php on line 7
[06-Mar-2015 03:08:34 UTC] PHP Notice:  Undefined variable: httpStatus in /Users/jakeHenderson/localHost/school/fatcloud/api/app/routes/authentication.php on line 96
[06-Mar-2015 03:08:34 UTC] PHP Notice:  Undefined variable: httpStatus in /Users/jakeHenderson/localHost/school/fatcloud/api/app/routes/authentication.php on line 179
[06-Mar-2015 03:08:34 UTC] PHP Notice:  Undefined variable: httpStatus in /Users/jakeHenderson/localHost/school/fatcloud/api/app/routes/authentication.php on line 236
[06-Mar-2015 03:08:48 UTC] PHP Notice:  Undefined variable: httpStatus in /Users/jakeHenderson/localHost/school/fatcloud/api/app/routes/authentication.php on line 7
[06-Mar-2015 03:08:48 UTC] PHP Notice:  Undefined variable: httpStatus in /Users/jakeHenderson/localHost/school/fatcloud/api/app/routes/authentication.php on line 96
[06-Mar-2015 03:08:48 UTC] PHP Notice:  Undefined variable: httpStatus in /Users/jakeHenderson/localHost/school/fatcloud/api/app/routes/authentication.php on line 179
[06-Mar-2015 03:08:48 UTC] PHP Notice:  Undefined variable: httpStatus in /Users/jakeHenderson/localHost/school/fatcloud/api/app/routes/authentication.php on line 236
[06-Mar-2015 03:09:07 UTC] PHP Notice:  Undefined variable: httpStatus in /Users/jakeHenderson/localHost/school/fatcloud/api/app/routes/authentication.php on line 7
[06-Mar-2015 03:09:07 UTC] PHP Notice:  Undefined variable: httpStatus in /Users/jakeHenderson/localHost/school/fatcloud/api/app/routes/authentication.php on line 96
[06-Mar-2015 03:09:07 UTC] PHP Notice:  Undefined variable: httpStatus in /Users/jakeHenderson/localHost/school/fatcloud/api/app/routes/authentication.php on line 165
[06-Mar-2015 03:09:07 UTC] PHP Notice:  Undefined variable: httpStatus in /Users/jakeHenderson/localHost/school/fatcloud/api/app/routes/authentication.php on line 222
[06-Mar-2015 03:09:12 UTC] PHP Notice:  Undefined variable: httpStatus in /Users/jakeHenderson/localHost/school/fatcloud/api/app/routes/authentication.php on line 7
[06-Mar-2015 03:09:12 UTC] PHP Notice:  Undefined variable: httpStatus in /Users/jakeHenderson/localHost/school/fatcloud/api/app/routes/authentication.php on line 96
[06-Mar-2015 03:09:12 UTC] PHP Notice:  Undefined variable: httpStatus in /Users/jakeHenderson/localHost/school/fatcloud/api/app/routes/authentication.php on line 165
[06-Mar-2015 03:09:12 UTC] PHP Notice:  Undefined variable: httpStatus in /Users/jakeHenderson/localHost/school/fatcloud/api/app/routes/authentication.php on line 222
[06-Mar-2015 03:10:12 UTC] PHP Notice:  Undefined variable: httpStatus in /Users/jakeHenderson/localHost/school/fatcloud/api/app/routes/authentication.php on line 7
[06-Mar-2015 03:10:12 UTC] PHP Notice:  Undefined variable: httpStatus in /Users/jakeHenderson/localHost/school/fatcloud/api/app/routes/authentication.php on line 96
[06-Mar-2015 03:10:12 UTC] PHP Notice:  Undefined variable: httpStatus in /Users/jakeHenderson/localHost/school/fatcloud/api/app/routes/authentication.php on line 205
[06-Mar-2015 03:10:12 UTC] PHP Notice:  Undefined variable: httpStatus in /Users/jakeHenderson/localHost/school/fatcloud/api/app/routes/authentication.php on line 262
[06-Mar-2015 03:10:58 UTC] PHP Notice:  Undefined variable: httpStatus in /Users/jakeHenderson/localHost/school/fatcloud/api/app/routes/authentication.php on line 7
[06-Mar-2015 03:10:58 UTC] PHP Notice:  Undefined variable: httpStatus in /Users/jakeHenderson/localHost/school/fatcloud/api/app/routes/authentication.php on line 96
[06-Mar-2015 03:10:58 UTC] PHP Notice:  Undefined variable: httpStatus in /Users/jakeHenderson/localHost/school/fatcloud/api/app/routes/authentication.php on line 205
[06-Mar-2015 03:10:58 UTC] PHP Notice:  Undefined variable: httpStatus in /Users/jakeHenderson/localHost/school/fatcloud/api/app/routes/authentication.php on line 262
[06-Mar-2015 03:12:21 UTC] PHP Notice:  Undefined variable: httpStatus in /Users/jakeHenderson/localHost/school/fatcloud/api/app/routes/authentication.php on line 7
[06-Mar-2015 03:12:21 UTC] PHP Notice:  Undefined variable: httpStatus in /Users/jakeHenderson/localHost/school/fatcloud/api/app/routes/authentication.php on line 96
[06-Mar-2015 03:12:21 UTC] PHP Notice:  Undefined variable: httpStatus in /Users/jakeHenderson/localHost/school/fatcloud/api/app/routes/authentication.php on line 204
[06-Mar-2015 03:12:21 UTC] PHP Notice:  Undefined variable: httpStatus in /Users/jakeHenderson/localHost/school/fatcloud/api/app/routes/authentication.php on line 261
[06-Mar-2015 05:11:36 UTC] PHP Fatal error:  Call to undefined method AppResponse::SetStatusText() in /Users/jakeHenderson/localHost/school/fatcloud/api/app/routes/authentication.php on line 208
[06-Mar-2015 05:16:34 UTC] PHP Fatal error:  Call to undefined method AppResponse::SetStatusText() in /Users/jakeHenderson/localHost/school/fatcloud/api/app/routes/authentication.php on line 208
[22-Mar-2015 03:36:15 UTC] PHP Warning:  require_once(/Users/jakeHenderson/localHost/school/fatcloud/api/app/libphpMailer/PHPMailerAutoload.php): failed to open stream: No such file or directory in /Users/jakeHenderson/localHost/school/fatcloud/api/index.php on line 19
[22-Mar-2015 03:36:15 UTC] PHP Fatal error:  require_once(): Failed opening required '/Users/jakeHenderson/localHost/school/fatcloud/api/app/libphpMailer/PHPMailerAutoload.php' (include_path='.:/Applications/MAMP/bin/php/php5.4.4/lib/php') in /Users/jakeHenderson/localHost/school/fatcloud/api/index.php on line 19
[22-Mar-2015 03:36:30 UTC] PHP Warning:  require_once(/Users/jakeHenderson/localHost/school/fatcloud/api/app/libphpMailer/PHPMailerAutoload.php): failed to open stream: No such file or directory in /Users/jakeHenderson/localHost/school/fatcloud/api/index.php on line 19
[22-Mar-2015 03:36:30 UTC] PHP Fatal error:  require_once(): Failed opening required '/Users/jakeHenderson/localHost/school/fatcloud/api/app/libphpMailer/PHPMailerAutoload.php' (include_path='.:/Applications/MAMP/bin/php/php5.4.4/lib/php') in /Users/jakeHenderson/localHost/school/fatcloud/api/index.php on line 19
[22-Mar-2015 03:38:08 UTC] PHP Warning:  require_once(/Users/jakeHenderson/localHost/school/fatcloud/api/app/libphpMailer/PHPMailerAutoload.php): failed to open stream: No such file or directory in /Users/jakeHenderson/localHost/school/fatcloud/api/index.php on line 19
[22-Mar-2015 03:38:08 UTC] PHP Fatal error:  require_once(): Failed opening required '/Users/jakeHenderson/localHost/school/fatcloud/api/app/libphpMailer/PHPMailerAutoload.php' (include_path='.:/Applications/MAMP/bin/php/php5.4.4/lib/php') in /Users/jakeHenderson/localHost/school/fatcloud/api/index.php on line 19
[22-Mar-2015 03:40:36 UTC] PHP Warning:  require_once(/Users/jakeHenderson/localHost/school/fatcloud/api/app/libphpMailer/PHPMailerAutoload.php): failed to open stream: No such file or directory in /Users/jakeHenderson/localHost/school/fatcloud/api/index.php on line 19
[22-Mar-2015 03:40:36 UTC] PHP Fatal error:  require_once(): Failed opening required '/Users/jakeHenderson/localHost/school/fatcloud/api/app/libphpMailer/PHPMailerAutoload.php' (include_path='.:/Applications/MAMP/bin/php/php5.4.4/lib/php') in /Users/jakeHenderson/localHost/school/fatcloud/api/index.php on line 19
[22-Mar-2015 03:43:11 UTC] PHP Warning:  require_once(/Users/jakeHenderson/localHost/school/fatcloud/api/app/libphpMailer/PHPMailerAutoload.php): failed to open stream: No such file or directory in /Users/jakeHenderson/localHost/school/fatcloud/api/index.php on line 19
[22-Mar-2015 03:43:11 UTC] PHP Fatal error:  require_once(): Failed opening required '/Users/jakeHenderson/localHost/school/fatcloud/api/app/libphpMailer/PHPMailerAutoload.php' (include_path='.:/Applications/MAMP/bin/php/php5.4.4/lib/php') in /Users/jakeHenderson/localHost/school/fatcloud/api/index.php on line 19
[22-Mar-2015 03:45:36 UTC] PHP Warning:  require_once(/Users/jakeHenderson/localHost/school/fatcloud/api/app/libphpmailer/PHPMailerAutoload.php): failed to open stream: No such file or directory in /Users/jakeHenderson/localHost/school/fatcloud/api/index.php on line 19
[22-Mar-2015 03:45:36 UTC] PHP Fatal error:  require_once(): Failed opening required '/Users/jakeHenderson/localHost/school/fatcloud/api/app/libphpmailer/PHPMailerAutoload.php' (include_path='.:/Applications/MAMP/bin/php/php5.4.4/lib/php') in /Users/jakeHenderson/localHost/school/fatcloud/api/index.php on line 19
[22-Mar-2015 03:48:15 UTC] PHP Warning:  require_once(/Users/jakeHenderson/localHost/school/fatcloud/api/app/libphpMailer/PHPMailerAutoload.php): failed to open stream: No such file or directory in /Users/jakeHenderson/localHost/school/fatcloud/api/index.php on line 19
[22-Mar-2015 03:48:15 UTC] PHP Fatal error:  require_once(): Failed opening required '/Users/jakeHenderson/localHost/school/fatcloud/api/app/libphpMailer/PHPMailerAutoload.php' (include_path='.:/Applications/MAMP/bin/php/php5.4.4/lib/php') in /Users/jakeHenderson/localHost/school/fatcloud/api/index.php on line 19
[22-Mar-2015 21:51:47 UTC] PHP Fatal error:  Call to undefined method AppResponse::data() in /Users/jakeHenderson/localHost/school/fatcloud/api/app/routes/authentication.php on line 155
